  all_user_show.cpp
C:\Users\sendai\Desktop\komatta\Team1\Team1App\Login\insert.h(503,22): warning C4101: 'e': ローカル変数は 1 度も使われていません。
  (ソース ファイル 'all_user_show.cpp' をコンパイルしています)
  
C:\Users\sendai\Desktop\komatta\Team1\Team1App\Login\insert.h(527,20): warning C4101: 'e': ローカル変数は 1 度も使われていません。
  (ソース ファイル 'all_user_show.cpp' をコンパイルしています)
  
C:\Users\sendai\Desktop\komatta\Team1\Team1App\Login\edit.h(569,25): warning C4101: 'e': ローカル変数は 1 度も使われていません。
  (ソース ファイル 'all_user_show.cpp' をコンパイルしています)
  
C:\Users\sendai\Desktop\komatta\Team1\Team1App\Login\edit.h(733,3): warning C4102: 'cli': ラベルは 1 度も参照されません。
  (ソース ファイル 'all_user_show.cpp' をコンパイルしています)
  
C:\Users\sendai\Desktop\komatta\Team1\Team1App\Login\edit.h(702,21): warning C4101: 'e': ローカル変数は 1 度も使われていません。
  (ソース ファイル 'all_user_show.cpp' をコンパイルしています)
  
C:\Users\sendai\Desktop\komatta\Team1\Team1App\Login\detail.h(549,21): warning C4101: 'e': ローカル変数は 1 度も使われていません。
  (ソース ファイル 'all_user_show.cpp' をコンパイルしています)
  
C:\Users\sendai\Desktop\komatta\Team1\Team1App\Login\all_user_show.h(312,21): warning C4101: 'e': ローカル変数は 1 度も使われていません。
  (ソース ファイル 'all_user_show.cpp' をコンパイルしています)
  
C:\Users\sendai\Desktop\komatta\Team1\Team1App\Login\all_user_show.h(385,21): warning C4101: 'e': ローカル変数は 1 度も使われていません。
  (ソース ファイル 'all_user_show.cpp' をコンパイルしています)
  
  detail.cpp
C:\Users\sendai\Desktop\komatta\Team1\Team1App\Login\edit.h(569,25): warning C4101: 'e': ローカル変数は 1 度も使われていません。
  (ソース ファイル 'detail.cpp' をコンパイルしています)
  
C:\Users\sendai\Desktop\komatta\Team1\Team1App\Login\edit.h(733,3): warning C4102: 'cli': ラベルは 1 度も参照されません。
  (ソース ファイル 'detail.cpp' をコンパイルしています)
  
C:\Users\sendai\Desktop\komatta\Team1\Team1App\Login\edit.h(702,21): warning C4101: 'e': ローカル変数は 1 度も使われていません。
  (ソース ファイル 'detail.cpp' をコンパイルしています)
  
C:\Users\sendai\Desktop\komatta\Team1\Team1App\Login\detail.h(549,21): warning C4101: 'e': ローカル変数は 1 度も使われていません。
  (ソース ファイル 'detail.cpp' をコンパイルしています)
  
  edit.cpp
C:\Users\sendai\Desktop\komatta\Team1\Team1App\Login\edit.h(569,25): warning C4101: 'e': ローカル変数は 1 度も使われていません。
  (ソース ファイル 'edit.cpp' をコンパイルしています)
  
C:\Users\sendai\Desktop\komatta\Team1\Team1App\Login\edit.h(733,3): warning C4102: 'cli': ラベルは 1 度も参照されません。
  (ソース ファイル 'edit.cpp' をコンパイルしています)
  
C:\Users\sendai\Desktop\komatta\Team1\Team1App\Login\edit.h(702,21): warning C4101: 'e': ローカル変数は 1 度も使われていません。
  (ソース ファイル 'edit.cpp' をコンパイルしています)
  
  insert.cpp
C:\Users\sendai\Desktop\komatta\Team1\Team1App\Login\insert.h(503,22): warning C4101: 'e': ローカル変数は 1 度も使われていません。
  (ソース ファイル 'insert.cpp' をコンパイルしています)
  
C:\Users\sendai\Desktop\komatta\Team1\Team1App\Login\insert.h(527,20): warning C4101: 'e': ローカル変数は 1 度も使われていません。
  (ソース ファイル 'insert.cpp' をコンパイルしています)
  
  login.cpp
C:\Users\sendai\Desktop\komatta\Team1\Team1App\Login\insert.h(503,22): warning C4101: 'e': ローカル変数は 1 度も使われていません。
  (ソース ファイル 'login.cpp' をコンパイルしています)
  
C:\Users\sendai\Desktop\komatta\Team1\Team1App\Login\insert.h(527,20): warning C4101: 'e': ローカル変数は 1 度も使われていません。
  (ソース ファイル 'login.cpp' をコンパイルしています)
  
C:\Users\sendai\Desktop\komatta\Team1\Team1App\Login\edit.h(569,25): warning C4101: 'e': ローカル変数は 1 度も使われていません。
  (ソース ファイル 'login.cpp' をコンパイルしています)
  
C:\Users\sendai\Desktop\komatta\Team1\Team1App\Login\edit.h(733,3): warning C4102: 'cli': ラベルは 1 度も参照されません。
  (ソース ファイル 'login.cpp' をコンパイルしています)
  
C:\Users\sendai\Desktop\komatta\Team1\Team1App\Login\edit.h(702,21): warning C4101: 'e': ローカル変数は 1 度も使われていません。
  (ソース ファイル 'login.cpp' をコンパイルしています)
  
C:\Users\sendai\Desktop\komatta\Team1\Team1App\Login\detail.h(549,21): warning C4101: 'e': ローカル変数は 1 度も使われていません。
  (ソース ファイル 'login.cpp' をコンパイルしています)
  
C:\Users\sendai\Desktop\komatta\Team1\Team1App\Login\all_user_show.h(312,21): warning C4101: 'e': ローカル変数は 1 度も使われていません。
  (ソース ファイル 'login.cpp' をコンパイルしています)
  
C:\Users\sendai\Desktop\komatta\Team1\Team1App\Login\all_user_show.h(385,21): warning C4101: 'e': ローカル変数は 1 度も使われていません。
  (ソース ファイル 'login.cpp' をコンパイルしています)
  
C:\Users\sendai\Desktop\komatta\Team1\Team1App\Login\login.h(232,19): warning C4101: 'e': ローカル変数は 1 度も使われていません。
  (ソース ファイル 'login.cpp' をコンパイルしています)
  
  logout.cpp
  .NETFramework,Version=v4.7.2.AssemblyAttributes.cpp
  コードを生成中...
  all_user_show.obj : MSIL モジュールが見つかりました。MSIL ではインクリメンタル リンクは無効化されています。フル リンクを行います
  Login.vcxproj -> C:\Users\sendai\Desktop\komatta\Team1\Team1App\x64\Debug\Login.exe
